<?xml version="1.0" encoding="UTF-8"?>
<!-- Generated by org.testng.reporters.JUnitReportReporter -->
<testsuite hostname="Ozole" failures="0" tests="4" name="testPages.LoginPage_Tests" time="408.240" errors="0" timestamp="2023-08-01T11:15:35 IST" skipped="0">
  <testcase classname="testPages.LoginPage_Tests" name="APMTlogins" time="99.400"/>
  <system-out/>
  <testcase classname="testPages.LoginPage_Tests" name="APMTlogins" time="105.390"/>
  <system-out/>
  <testcase classname="testPages.LoginPage_Tests" name="APMTlogins" time="101.011"/>
  <system-out/>
  <testcase classname="testPages.LoginPage_Tests" name="APMTlogins" time="102.439"/>
  <system-out/>
</testsuite> <!-- testPages.LoginPage_Tests -->
