<?xml version="1.0" encoding="UTF-8"?>
<!-- Generated by org.testng.reporters.JUnitReportReporter -->
<testsuite hostname="Ozole" failures="0" tests="1" name="testPages.VerificationManager" time="37.032" errors="0" timestamp="2023-06-28T10:38:48 IST" skipped="0">
  <testcase classname="testPages.VerificationManager" name="APMTVerificationManager" time="37.032"/>
  <system-out/>
</testsuite> <!-- testPages.VerificationManager -->
